C51 COMPILER V9.56.0.0   PWM_12                                                            05/09/2017 20:27:39 PAGE 1   


C51 COMPILER V9.56.0.0, COMPILATION OF MODULE PWM_12
OBJECT MODULE PLACED IN PWM_12.OBJ
COMPILER INVOKED BY: D:\keil5\C51\BIN\C51.EXE PWM_12.c LARGE OPTIMIZE(8,SPEED) BROWSE DEBUG OBJECTEXTEND TABS(2)

line level    source

   1          #include <PWM_12.h>
   2          void PWM_port()
   3          {
   4   1          CCON=0;
   5   1        CL=0;
   6   1        CH=0;
   7   1        CMOD=0X02;//可以调节PWM的输出频率（此时的晶振频率为SYSclk/2)
   8   1      
   9   1        CCAP0H=CCAP0L=0X80;//调节PWM0的占空比（此时的占空比为50%）（P1^3口输出）
  10   1        CCAPM0=0X42;//配置CCAPM0为脉宽调节模式
  11   1        //PCAPWM0=0X03;
  12   1      
  13   1          CCAP1H=CCAP1L=0XFF;//调节PWM1的占空比（此时为0%）（P1^4口输出）
  14   1        PCAPWM1=0X03;
  15   1        CCAPM1=0X42;//配置CCAPM1为脉宽调节模式
  16   1        CR=1;//打开PCA
  17   1      }
  18          /**************************PWM的频率计算方式************************
  19           ***************PWM的频率=PCA时钟输入源频率/256*********************/
  20          
  21          
  22          /*******************调节占空比的函数*********************************/
  23          void PWM_change(unsigned char a)
  24          {
  25   1        CCAP0H=255-a;  
  26   1        CCAP0L=CCAP0H;
  27   1      }
  28          //CCAP0H的值等于255-255*占空比/100              


MODULE INFORMATION:   STATIC OVERLAYABLE
   CODE SIZE        =     44    ----
   CONSTANT SIZE    =   ----    ----
   XDATA SIZE       =   ----    ----
   PDATA SIZE       =   ----    ----
   DATA SIZE        =   ----    ----
   IDATA SIZE       =   ----    ----
   BIT SIZE         =   ----    ----
END OF MODULE INFORMATION.


C51 COMPILATION COMPLETE.  0 WARNING(S),  0 ERROR(S)
