C51 COMPILER V9.01   INTERRUPTION                                                          10/21/2017 11:38:26 PAGE 1   


C51 COMPILER V9.01, COMPILATION OF MODULE INTERRUPTION
OBJECT MODULE PLACED IN interruption.OBJ
COMPILER INVOKED BY: D:\KEIL5\C51\BIN\C51.EXE interruption.c OPTIMIZE(8,SPEED) BROWSE DEBUG OBJECTEXTEND TABS(2)

line level    source

   1          #include "interruption.h"
   2          /*毫秒延时函数*/
   3          void delay_ms(unsigned int i)
   4          {
   5   1         unsigned int j;
   6   1         for( ;i>0;i--)
   7   1         {
   8   2            for(j=110;j>0;j--);
   9   2         }
  10   1      }
  11          /*外部中断0,中断号为0*/
  12          void Int0Init()
  13          {
  14   1        //设置INT0
  15   1        IT0=1;//跳变沿出发方式（下降沿）
  16   1        EX0=1;//打开INT0的中断允许。  
  17   1        EA=1;//打开总中断 
  18   1      }
  19          /*外部中断1，中断号为2*/
  20          void Int1Init()
  21          {
  22   1        //设置INT1
  23   1        IT1=1;//跳变沿出发方式（下降沿）
  24   1        EX1=1;//打开INT1的中断允许。  
  25   1        EA=1;//打开总中断 
  26   1      }
  27          /*定时器0，中断号为1*/
  28          void Timer0Init()
  29          {
  30   1        TMOD|=0X01;//选择为定时器0模式，工作方式1，仅用TR0打开启动。
  31   1      
  32   1        TH0=0XFC; //给定时器赋初值，定时1ms
  33   1        TL0=0X18; 
  34   1        ET0=1;//打开定时器0中断允许
  35   1        EA=1;//打开总中断
  36   1        TR0=1;//打开定时器      
  37   1      }
  38          /*定时器1，中断号为3*/
  39          void Timer1Init()
  40          {
  41   1        TMOD|=0X10;//选择为定时器1模式，工作方式1，仅用TR1打开启动。
  42   1      
  43   1        TH1=0XFC; //给定时器赋初值，定时1ms
  44   1        TL1=0X18; 
  45   1        ET1=1;//打开定时器1中断允许
  46   1        EA=1;//打开总中断
  47   1        TR1=1;//打开定时器      
  48   1      }
  49          /*串口通信，中断号为4*/
  50          void UsartInit()
  51          {
  52   1        SCON=0X50;      //设置为工作方式1
  53   1        TMOD=0X20;      //设置计数器工作方式2
  54   1        //PCON=0X80;      //波特率加倍
  55   1        TH1=0XFd;       //计数器初始值设置，注意波特率是(波特率加倍）4800的；（波特率不加倍）9600（0XFD)
C51 COMPILER V9.01   INTERRUPTION                                                          10/21/2017 11:38:26 PAGE 2   

  56   1        TL1=0XFd;
  57   1        ES=1;           //打开接收中断
  58   1        EA=1;           //打开总中断
  59   1        TR1=1;          //打开计数器
  60   1      }


MODULE INFORMATION:   STATIC OVERLAYABLE
   CODE SIZE        =     95    ----
   CONSTANT SIZE    =   ----    ----
   XDATA SIZE       =   ----    ----
   PDATA SIZE       =   ----    ----
   DATA SIZE        =   ----    ----
   IDATA SIZE       =   ----    ----
   BIT SIZE         =   ----    ----
END OF MODULE INFORMATION.


C51 COMPILATION COMPLETE.  0 WARNING(S),  0 ERROR(S)
