C51 COMPILER V9.01   MAIN                                                                  10/27/2017 21:06:35 PAGE 1   


C51 COMPILER V9.01, COMPILATION OF MODULE MAIN
OBJECT MODULE PLACED IN main.OBJ
COMPILER INVOKED BY: D:\KEIL5\C51\BIN\C51.EXE main.c OPTIMIZE(8,SPEED) BROWSE DEBUG OBJECTEXTEND TABS(2)

line level    source

   1          /**************************************************************************************
   2                            8*8LED点阵―――显示数字实验                                              
   3          ***************************************************************************************/
   4          
   5          #include "reg51.h"       //此文件中定义了单片机的一些特殊功能寄存器
   6          #include<intrins.h>
   7          #include "Picture.h"
   8          #include "stdlib.h"
   9          #include "interruption.h"
  10          #include "print.h"
  11          #include "allnum.h"
  12          #include "AD.h"
  13          
  14          /*******************************************************************************
  15          * 函 数 名       : main
  16          * 函数功能     : 主函数
  17          * 输    入       : 无
  18          * 输    出       : 无
  19          *******************************************************************************/
  20          
  21          void main()
  22          {   
  23   1        UsartInit();
  24   1        Timer0Init();
  25   1        InitADC();
  26   1        while(1)
  27   1        {
  28   2          if(AD_get()>400)
  29   2          {
  30   3            pattren(cry);
  31   3          }
  32   2          else
  33   2          {
  34   3             pattren(smile);
  35   3          }
  36   2        }   
  37   1      }
  38          
  39          


MODULE INFORMATION:   STATIC OVERLAYABLE
   CODE SIZE        =     45    ----
   CONSTANT SIZE    =   ----    ----
   XDATA SIZE       =   ----    ----
   PDATA SIZE       =   ----    ----
   DATA SIZE        =     16    ----
   IDATA SIZE       =   ----    ----
   BIT SIZE         =   ----    ----
END OF MODULE INFORMATION.


C51 COMPILATION COMPLETE.  0 WARNING(S),  0 ERROR(S)
