C51 COMPILER V9.01   PICTURE                                                               11/10/2017 20:08:32 PAGE 1   


C51 COMPILER V9.01, COMPILATION OF MODULE PICTURE
OBJECT MODULE PLACED IN Picture.OBJ
COMPILER INVOKED BY: D:\KEIL5\C51\BIN\C51.EXE Picture.c OPTIMIZE(8,SPEED) BROWSE DEBUG OBJECTEXTEND TABS(2)

line level    source

   1          #include "Picture.h"
   2          
   3          sbit SRCLK=P3^6;
   4          sbit RCLK=P3^5;
   5          sbit SER=P3^4;
   6          int timer=0;
   7          int flag=0;
   8          u8 ledwei[]={0x7f,0xbf,0xdf,0xef,0xf7,0xfb,0xfd,0xfe};
   9          /*******************************************************************************
  10          * 函 数 名         : delay
  11          * 函数功能       : 延时函数，i=1时，大约延时10us
  12          *******************************************************************************/
  13          void delay(u16 i)
  14          {
  15   1        while(i--); 
  16   1      }
  17          
  18          
  19          
  20          /*******************************************************************************
  21          * 函数名         : Hc595SendByte(u8 dat)
  22          * 函数功能       : 向74HC595发送一个字节的数据
  23          * 输入           : 无
  24          * 输出           : 无
  25          *******************************************************************************/
  26          void Hc595SendByte(u8 dat)
  27          {
  28   1        u8 a;
  29   1        SRCLK=0;
  30   1        RCLK=0;
  31   1        for(a=0;a<8;a++)
  32   1        {
  33   2          SER=dat>>7;
  34   2          dat<<=1;
  35   2      
  36   2          SRCLK=1;
  37   2          _nop_();
  38   2          _nop_();
  39   2          SRCLK=0;  
  40   2        }
  41   1      
  42   1        RCLK=1;
  43   1        _nop_();
  44   1        _nop_();
  45   1        RCLK=0;
  46   1      }
  47          
  48          
  49          
  50          /*******************************画点函数****************************************
  51          * 函数名  :          DrawPoint(u8 x,u8 y) 
  52          * x       :          点的X坐标值 1~8
  53          * y       ：         点的y坐标值 1~8
  54          *******************************************************************************/ 
  55          void DrawPoint(u8 x,u8 y)
C51 COMPILER V9.01   PICTURE                                                               11/10/2017 20:08:32 PAGE 2   

  56          {
  57   1         if(x>=1&&x<=8&&y>=1&&y<=8)
  58   1         {
  59   2             P0=0xff&(0xff7f>>(x-1));
  60   2             Hc595SendByte(0x00|(0x01<<(y-1)));
  61   2         }  
  62   1             Hc595SendByte(0x00);
  63   1      }
  64          
  65          
  66          
  67          /*******************************显示一张图案*************************************
  68          *功能     ：显示所想显示的一张图案
  69          *roll[][] : 所得到的图案
  70          *len      : 图案中点的个数
  71          ************************************************************************/
  72          void pattren(u8 roll[8])
  73          {
  74   1          int i=0;
  75   1          P0=0x7f;
  76   1          for(i=0;i<8;i++)
  77   1          {
  78   2            P0=ledwei[i];     //位选
  79   2            Hc595SendByte(roll[i]); //发送段选数据
  80   2            delay(100);      //延时
  81   2            Hc595SendByte(0x00);  //消隐
  82   2          }
  83   1      }
  84          /*************************字幕滚动函数************************************
  85          *功能       ：使得到的图案横向移动
  86          *roll       : 得到的图案
  87          *screen_num : 所用到的屏幕数
  88          *************************************************************************/
  89          void char_roll(u8 roll[],short screen_num)
  90          {
  91   1          int i=0;
  92   1          int j=0;
  93   1          int k=0;
  94   1          int exchange=0;
  95   1          P0=0x7f;
  96   1         for(k=0;k<8*screen_num;k++)
  97   1        {
  98   2         for(j=0;j<80;j++)
  99   2         {
 100   3           for(i=0;i<8;i++)
 101   3           {
 102   4            P0=ledwei[i];     //位选
 103   4            Hc595SendByte(roll[i]); //发送段选数据
 104   4            delay(100);      //延时
 105   4            Hc595SendByte(0x00);  //消隐
 106   4           }
 107   3         } 
 108   2          exchange=roll[0];
 109   2          for(i=0;i<8*screen_num-1;i++)
 110   2          {
 111   3             roll[i]=roll[i+1];
 112   3          }
 113   2          roll[8*screen_num-1]=exchange;
 114   2        }
 115   1      }


C51 COMPILER V9.01   PICTURE                                                               11/10/2017 20:08:32 PAGE 3   

MODULE INFORMATION:   STATIC OVERLAYABLE
   CODE SIZE        =    474    ----
   CONSTANT SIZE    =   ----    ----
   XDATA SIZE       =   ----    ----
   PDATA SIZE       =   ----    ----
   DATA SIZE        =     12      18
   IDATA SIZE       =   ----    ----
   BIT SIZE         =   ----    ----
END OF MODULE INFORMATION.


C51 COMPILATION COMPLETE.  0 WARNING(S),  0 ERROR(S)
