C51 COMPILER V9.01   校赛                                                                  04/06/2017 17:52:41 PAGE 1   


C51 COMPILER V9.01, COMPILATION OF MODULE 校赛
OBJECT MODULE PLACED IN 校赛.OBJ
COMPILER INVOKED BY: C:\Keil\C51\BIN\C51.EXE 校赛.c BROWSE DEBUG OBJECTEXTEND

line level    source

   1          #include "reg51.h"
   2          #include "print.h"
   3          #include "PWM_12.h"
   4          #include "interruption.h"
   5          sbit AA = P3^2;
   6          sbit BB = P3^3;
   7          sbit OUT1 = P1^1;
   8          sbit OUT2 = P1^2;
   9          int num=0;
  10          int Set_num=500;
  11          unsigned int flag=0;
  12          float err=0,err_last=0;
  13          float Kp=2;
  14          float Ki=0;
  15          float Kd=0;
  16          float PID_out=0;
  17          float PIDI=0;
  18          unsigned char PWM=0;
  19          unsigned char AA_flag=0;
  20          unsigned char BB_flag=0;
  21          float PID(int num)
  22          {
  23   1          err=Set_num-num;
  24   1              PID_out=Kp*err+Kd*(err-err_last)+Ki*PIDI;  
  25   1              if(err<=1&&err>=-1)
  26   1              {
  27   2                 PID_out=0;
  28   2          }
  29   1               err_last=err;
  30   1               PIDI+=err;
  31   1               if(PID_out>0)
  32   1               {
  33   2                  flag=0;
  34   2               }
  35   1               if(PID_out<0)
  36   1               {
  37   2                  flag=1;
  38   2                  PID_out=-PID_out;
  39   2               }
  40   1               if(flag==0)
  41   1               {
  42   2                  OUT1=1;
  43   2                      OUT2=0;
  44   2               }
  45   1               if(flag==1)
  46   1               {
  47   2                      OUT1=0;
  48   2                      OUT2=1;
  49   2           }
  50   1               if(PID_out>=100)PID_out=100;
  51   1               if(PID_out<=0)PID_out=0;
  52   1              return PID_out;
  53   1      }       
  54          int main()
  55          {
C51 COMPILER V9.01   校赛                                                                  04/06/2017 17:52:41 PAGE 2   

  56   1        Int0Init();
  57   1        Int1Init();
  58   1        PWM_port();
*** WARNING C206 IN LINE 58 OF 校赛.C: 'PWM_port': missing function-prototype
  59   1        UsartInit();
  60   1        Timer0Init();
  61   1        while(1)
  62   1        {
  63   2           printf("%f\r\n",err);
  64   2               printf("%f\r\n",err_last);
  65   2               printf("%f\r\n",PID_out);
  66   2               printf("%d\r\n",flag);
  67   2               delay_ms(1000);
  68   2        }
  69   1      }
  70          void timer0 () interrupt 1
  71          {
  72   1          TH0=(65535-10000)/256;      //给定时器赋初值，定时1ms
  73   1              TL0=(65535-10000)%256;  
  74   1          PWM=(int)(PID(num));
  75   1              PWM_change(PWM);
  76   1      
  77   1      }
  78          void exti0 () interrupt  0
  79          {
  80   1         EX0=0;
  81   1              if(AA_flag==0)
  82   1              {
  83   2                      if(BB==0)
  84   2                              num++;
  85   2                      else num--;
  86   2                      AA_flag=1;BB_flag=0;
  87   2                      
  88   2              }
  89   1              EX0=1;
  90   1      }
  91          void exti1 () interrupt 2
  92          {
  93   1         EX1=0;
  94   1              if(BB_flag==0)
  95   1              {
  96   2                      AA_flag=0;BB_flag=1;
  97   2              }
  98   1              EX1=1;
  99   1      }
 100          
 101          
 102          
 103          
 104          
 105          
 106          
 107          
 108          


MODULE INFORMATION:   STATIC OVERLAYABLE
   CODE SIZE        =    612    ----
   CONSTANT SIZE    =     10    ----
   XDATA SIZE       =   ----    ----
   PDATA SIZE       =   ----    ----
   DATA SIZE        =     37    ----
C51 COMPILER V9.01   校赛                                                                  04/06/2017 17:52:41 PAGE 3   

   IDATA SIZE       =   ----    ----
   BIT SIZE         =   ----    ----
END OF MODULE INFORMATION.


C51 COMPILATION COMPLETE.  1 WARNING(S),  0 ERROR(S)
