C51 COMPILER V9.01   PICTURE                                                               10/12/2018 21:10:35 PAGE 1   


C51 COMPILER V9.01, COMPILATION OF MODULE PICTURE
OBJECT MODULE PLACED IN Picture.OBJ
COMPILER INVOKED BY: F:\Keil5\C51\BIN\C51.EXE Picture.c LARGE ROM(COMPACT) OPTIMIZE(8,SPEED) BROWSE DEBUG OBJECTEXTEND T
                    -ABS(2)

line level    source

   1          #include "Picture.h"
   2          
   3          sbit SRCLK=P3^6;
   4          sbit RCLK1=P3^5;
   5          sbit SER=P3^4;
   6          int timer=0;
   7          int flag=0;
   8          u8 ledwei[]={0x7f,0xbf,0xdf,0xef,0xf7,0xfb,0xfd,0xfe};
   9          u8 smill[32]={0x3C,0x42,0xA9,0x85,0x85,0xA9,0x42,0x3C,0x00,0x00,0x9E,0x92,0x92,0xF2,0x00,0x00,0x00,0x7C,0x
             -82,0x82,0x82,0x82,0x7C,0x00,0x00,0x00,0x9E,0x92,0x92,0xF2,0x00,0x00};
  10          /*******************************************************************************
  11          * 函 数 名         : delay
  12          * 函数功能       : 延时函数，i=1时，大约延时10us
  13          *******************************************************************************/
  14          void delay(u16 i)
  15          {
  16   1        while(i--); 
  17   1      }
  18          
  19          
  20          
  21          /*******************************************************************************
  22          * 函数名         : Hc595SendByte(u8 dat)
  23          * 函数功能       : 向74HC595发送一个字节的数据
  24          * 输入           : 无
  25          * 输出           : 无
  26          *******************************************************************************/
  27          void Hc595SendByte(u8 dat)
  28          {
  29   1        u8 a;
  30   1        SRCLK=0;
  31   1        RCLK1=0;
  32   1        for(a=0;a<8;a++)
  33   1        {
  34   2          SER=dat>>7;
  35   2          dat<<=1;
  36   2      
  37   2          SRCLK=1;
  38   2          _nop_();
  39   2          _nop_();
  40   2          SRCLK=0;  
  41   2        }
  42   1      
  43   1        RCLK1=1;
  44   1        _nop_();
  45   1        _nop_();
  46   1        RCLK1=0;
  47   1      }
  48          
  49          
  50          
  51          /*******************************画点函数****************************************
  52          * 函数名  :          DrawPoint(u8 x,u8 y) 
  53          * x       :          点的X坐标值 1~8
C51 COMPILER V9.01   PICTURE                                                               10/12/2018 21:10:35 PAGE 2   

  54          * y       ：         点的y坐标值 1~8
  55          *******************************************************************************/ 
  56          void DrawPoint(u8 x,u8 y)
  57          {
  58   1         if(x>=1&&x<=8&&y>=1&&y<=8)
  59   1         {
  60   2             P0=0xff&(0xff7f>>(x-1));
  61   2             Hc595SendByte(0x00|(0x01<<(y-1)));
  62   2         }  
  63   1             Hc595SendByte(0x00);
  64   1      }
  65          
  66          
  67          
  68          /*******************************显示一张图案*************************************
  69          *功能     ：显示所想显示的一张图案
  70          *roll[][] : 所得到的图案
  71          *len      : 图案中点的个数
  72          ************************************************************************/
  73          void pattren(u8 roll[8])
  74          {
  75   1          int i=0;
  76   1          P0=0x7f;
  77   1          for(i=0;i<8;i++)
  78   1          {
  79   2            P0=ledwei[i];     //位选
  80   2            Hc595SendByte(roll[i]); //发送段选数据
  81   2            delay(100);      //延时
  82   2            Hc595SendByte(0x00);  //消隐
  83   2          }
  84   1      }
  85          /*************************字幕滚动函数************************************
  86          *功能       ：使得到的图案横向移动
  87          *roll       : 得到的图案
  88          *screen_num : 所用到的屏幕数
  89          *************************************************************************/
  90          void char_roll(u8 roll[],short screen_num)
  91          {
  92   1          int i=0;
  93   1          int j=0;
  94   1          int k=0;
  95   1          int exchange=0;
  96   1          P0=0x7f;
  97   1         for(k=0;k<8*screen_num;k++)
  98   1        {
  99   2         for(j=0;j<80;j++)
 100   2         {
 101   3           for(i=0;i<8;i++)
 102   3           {
 103   4            P0=ledwei[i];     //位选
 104   4            Hc595SendByte(roll[i]); //发送段选数据
 105   4            delay(100);      //延时
 106   4            Hc595SendByte(0x00);  //消隐
 107   4           }
 108   3         } 
 109   2          exchange=roll[0];
 110   2          for(i=0;i<8*screen_num-1;i++)
 111   2          {
 112   3             roll[i]=roll[i+1];
 113   3          }
 114   2          roll[8*screen_num-1]=exchange;
 115   2        }
C51 COMPILER V9.01   PICTURE                                                               10/12/2018 21:10:35 PAGE 3   

 116   1      }


MODULE INFORMATION:   STATIC OVERLAYABLE
   CODE SIZE        =    594    ----
   CONSTANT SIZE    =   ----    ----
   XDATA SIZE       =     44      18
   PDATA SIZE       =   ----    ----
   DATA SIZE        =   ----    ----
   IDATA SIZE       =   ----    ----
   BIT SIZE         =   ----    ----
END OF MODULE INFORMATION.


C51 COMPILATION COMPLETE.  0 WARNING(S),  0 ERROR(S)
