C51 COMPILER V9.56.0.0   12AD________                                                      05/09/2017 20:27:38 PAGE 1   


C51 COMPILER V9.56.0.0, COMPILATION OF MODULE 12AD________
OBJECT MODULE PLACED IN 12AD转换实验.OBJ
COMPILER INVOKED BY: D:\keil5\C51\BIN\C51.EXE 12AD转换实验.c LARGE OPTIMIZE(8,SPEED) BROWSE DEBUG OBJECTEXTEND TABS(2)

line level    source

   1          #include "reg51.h"
   2          #include "AD.h"
   3          #include "interruption.h"
   4          #include "print.h"
   5          #include "stdio.h"
   6          #include "oled.h"
   7          #include <PWM_12.h>
   8          void keypass();
   9          sbit key1=P2^2;//选择键 
  10          sbit key2=P2^3;//确定键
  11          sbit key3=P2^4;//返回键
  12          sbit key4=P2^5;//加数值
  13          sbit key5=P2^6;//减数值
  14          unsigned int i=0,j=0,k=0,d=0,g=0,h=0;
  15          unsigned int xianshi[4];
  16          unsigned int xianshi1[4];
  17          float err=0,err_last=0,err_pre=0;
  18          float PID_out=0;
  19          int temp;
  20          float angle_set=600;
  21          float Kp=1.14;
  22          float Kd=9.7;
  23          float Ki =0.006;
  24          float PIDI=0;
  25          unsigned char f=0;
  26          float PWM=0;
  27          float max=0,min=0;
  28          sbit IN1=P3^6;
  29          sbit IN2=P3^7;
  30          float ad,ad_out,sum;
  31          float PID_control(float angle)
  32          {
  33   1         err=angle_set-angle;
  34   1         PID_out=Kp*err+Kd*(err-err_last)+Ki*PIDI;
  35   1         temp = err-err_last;
  36   1         if(err<50&&err>-50) 
  37   1         {
  38   2           PIDI+=err;
  39   2         }
  40   1         err_last=err;
  41   1         if(PID_out>255)PID_out=255;
  42   1         if(PID_out<0)PID_out=0 ;
  43   1         return PID_out;
  44   1      }
  45          void main()
  46          {
  47   1          InitADC();
  48   1        PWM_port();
*** WARNING C206 IN LINE 48 OF 12AD转换实验.c: 'PWM_port': missing function-prototype
  49   1        UsartInit();
  50   1        Timer0Init();
  51   1        h=(int)((angle_set-470)/2.9*10);
  52   1        xianshi[0]=h/100;
  53   1        xianshi[1]=h%100/10;
  54   1        xianshi[2]=-2;
C51 COMPILER V9.56.0.0   12AD________                                                      05/09/2017 20:27:38 PAGE 2   

  55   1        xianshi[3]=h%100%10;
  56   1         OLED_Init();
  57   1         OLED_Clear();
  58   1         OLED_ShowCHinese(18,3,0);
  59   1         OLED_ShowCHinese(36,3,1);
  60   1         OLED_ShowCHinese(54,3,2);
  61   1         OLED_ShowCHinese(72,3,3);
  62   1         delay_ms(500);
  63   1          OLED_Clear();
  64   1          OLED_ShowCHinese(0,0,4);
  65   1          OLED_ShowCHinese(18,0,5);
  66   1        OLED_ShowCHinese(36,0,6);
  67   1        OLED_ShowCHinese(54,0,7);
  68   1        OLED_ShowCHinese(72,0,8);
  69   1        OLED_ShowChar(90,0,26,16);
  70   1        OLED_ShowCHinese(36,3,9); //观察角度阴码
  71   1        OLED_ShowCHinese(54,3,10);
  72   1        OLED_ShowCHinese(72,3,11);
  73   1        OLED_ShowCHinese(90,3,12);
  74   1        OLED_ShowChar(108,3,14,16);
  75   1        OLED_ShowCHinese(36,5,13);//设定角度阴码
  76   1        OLED_ShowCHinese(54,5,14);
  77   1        OLED_ShowCHinese(72,5,15);
  78   1        OLED_ShowCHinese(90,5,16);
  79   1        OLED_ShowChar(108,5,14,16);
  80   1        while(1)
  81   1         {
  82   2            
  83   2           IN1=1;
  84   2           IN2=0;
  85   2             keypass();
  86   2         }
  87   1      }
  88          void timer0() interrupt 1
  89          {
  90   1      
  91   1          
  92   1          TH0=(65536-2300)/256; //给定时器赋初值，定时1ms
  93   1        TL0=(65536-2300)%256;
  94   1         if(f<5)
  95   1           {
  96   2           ad=AD_get() ;
  97   2           sum+=ad;
  98   2           f++;
  99   2           }
 100   1           else
 101   1           {
 102   2              f=0;
 103   2            ad_out=sum/5;
 104   2            PWM=PID_control(ad_out);
 105   2            sum=0;
 106   2            PWM_change(PWM);
 107   2           }
 108   1      }
 109          void keypass()
 110          {
 111   1         if(key1==0)
 112   1         {
 113   2           delay_ms(10);
 114   2          if(key1==0)
 115   2          {
 116   3             while(!key1);
C51 COMPILER V9.56.0.0   12AD________                                                      05/09/2017 20:27:38 PAGE 3   

 117   3           if(i==0)
 118   3           {
 119   4                  OLED_ShowCHinese(0,0,4);
 120   4                      OLED_ShowCHinese(18,0,5);
 121   4                    OLED_ShowCHinese(36,0,6);
 122   4                    OLED_ShowCHinese(54,0,7);
 123   4                    OLED_ShowCHinese(72,0,8);
 124   4                    OLED_ShowChar(90,0,26,16);
 125   4                OLED_ShowCHinese(36,3,17); //观察角度阳码
 126   4                    OLED_ShowCHinese(54,3,18);
 127   4                    OLED_ShowCHinese(72,3,19);
 128   4                    OLED_ShowCHinese(90,3,20);
 129   4                    OLED_ShowChar(108,3,14,16);
 130   4                OLED_ShowCHinese(36,5,13);//设定角度阴码
 131   4                    OLED_ShowCHinese(54,5,14);
 132   4                    OLED_ShowCHinese(72,5,15);
 133   4                    OLED_ShowCHinese(90,5,16);
 134   4                    OLED_ShowChar(108,5,14,16);
 135   4           }else
 136   3           if(i==1)
 137   3           {
 138   4                      OLED_ShowCHinese(0,0,4);
 139   4                      OLED_ShowCHinese(18,0,5);
 140   4                    OLED_ShowCHinese(36,0,6);
 141   4                    OLED_ShowCHinese(54,0,7);
 142   4                    OLED_ShowCHinese(72,0,8);
 143   4                    OLED_ShowChar(90,0,26,16);
 144   4                OLED_ShowCHinese(36,5,21);//设定角度阳码
 145   4                    OLED_ShowCHinese(54,5,22);
 146   4                    OLED_ShowCHinese(72,5,23);
 147   4                    OLED_ShowCHinese(90,5,24);
 148   4                    OLED_ShowChar(108,5,14,16);
 149   4              OLED_ShowCHinese(36,3,9); //观察角度阴码
 150   4                    OLED_ShowCHinese(54,3,10);
 151   4                    OLED_ShowCHinese(72,3,11);
 152   4                    OLED_ShowCHinese(90,3,12);
 153   4                    OLED_ShowChar(108,3,14,16);
 154   4           }
 155   3            i++;
 156   3            if(i>1)i=0;
 157   3           }
 158   2        }
 159   1          //模式1
 160   1        if(i==1&&key2==0)
 161   1        { 
 162   2            delay_ms(10);
 163   2          if(key2==0)
 164   2          {
 165   3             while(!key2);
 166   3           j++; 
 167   3           OLED_Clear();
 168   3               while(j==1)
 169   3           {
 170   4              OLED_ShowCHinese(0,1,11);
 171   4                  OLED_ShowCHinese(18,1,12);  
 172   4                OLED_ShowChar(36,1,26,16);
 173   4            g=(int)((AD_get()-470)/2.9*10);
 174   4      //        xianshi1[0]=g/100;
 175   4      //      xianshi1[1]=g%100/10;
 176   4      //      xianshi1[2]=g%100%10;
 177   4                 xianshi1[0]=g/100;
 178   4            xianshi1[1]=g%100/10;
C51 COMPILER V9.56.0.0   12AD________                                                      05/09/2017 20:27:38 PAGE 4   

 179   4            xianshi1[2]=-2;
 180   4            xianshi1[3]=g%100%10;
 181   4            for(k=0;k<4;k++)
 182   4            {
 183   5               OLED_ShowChar(54+k*16,1,xianshi1[k]+16,16);
 184   5            }
 185   4              if(key3==0)
 186   4             {
 187   5               delay_ms(10);
 188   5               if(key3==0)
 189   5               {                
 190   6                 while(!key3);
 191   6                 j=0;
 192   6               OLED_Clear();
 193   6              OLED_ShowCHinese(0,0,4);
 194   6                      OLED_ShowCHinese(18,0,5);
 195   6                    OLED_ShowCHinese(36,0,6);
 196   6                    OLED_ShowCHinese(54,0,7);
 197   6                      OLED_ShowCHinese(72,0,8);
 198   6                    OLED_ShowChar(90,0,26,16);
 199   6                OLED_ShowCHinese(36,3,17); //观察角度阳码
 200   6                    OLED_ShowCHinese(54,3,18);
 201   6                    OLED_ShowCHinese(72,3,19);
 202   6                    OLED_ShowCHinese(90,3,20);
 203   6                    OLED_ShowChar(108,3,14,16);
 204   6                OLED_ShowCHinese(36,5,13);//设定角度阴码
 205   6                    OLED_ShowCHinese(54,5,14);
 206   6                    OLED_ShowCHinese(72,5,15);
 207   6                    OLED_ShowCHinese(90,5,16);
 208   6                    OLED_ShowChar(108,5,14,16);
 209   6               break; 
 210   6               }
 211   5             }
 212   4            }
 213   3           }
 214   2        }
 215   1        //模式二
 216   1        if(key2==0&&i==0)
 217   1        {
 218   2           delay_ms(10);
 219   2           if(key2==0)
 220   2           {
 221   3              while(!key2);
 222   3            j++;
 223   3           OLED_Clear();
 224   3               while(j==1)
 225   3           {
 226   4              OLED_ShowCHinese(0,1,11);
 227   4                  OLED_ShowCHinese(18,1,12);  
 228   4                OLED_ShowChar(36,1,26,16);
 229   4            for(k=0;k<4;k++)
 230   4            {
 231   5               OLED_ShowChar(54+k*16,1,xianshi[k]+16,16);
 232   5            }
 233   4             if(key4==0)
 234   4             {
 235   5                delay_ms(10);
 236   5              if(key4==0)
 237   5              {
 238   6                while(!key4);
 239   6              angle_set=angle_set+2.8;
 240   6              h=(int)((angle_set-470)/2.9*10);
C51 COMPILER V9.56.0.0   12AD________                                                      05/09/2017 20:27:38 PAGE 5   

 241   6              xianshi[0]=h/100;
 242   6              xianshi[1]=h%100/10;
 243   6              xianshi[2]=-2;
 244   6              xianshi[3]=h%100%10;
 245   6      //        xianshi[2]=angle_set%100%10;
 246   6                  
 247   6              }
 248   5             }
 249   4             if(key5==0)
 250   4             {
 251   5                delay_ms(10);
 252   5              if(key5==0)
 253   5              {
 254   6                 while(!key5);
 255   6               angle_set=angle_set-2.8;
 256   6              h=(int)((angle_set-470)/2.9*10);
 257   6              xianshi[0]=h/100;
 258   6              xianshi[1]=h%100/10;
 259   6              xianshi[2]=-2;
 260   6              xianshi[3]=h%100%10;
 261   6      //        xianshi[2]=angle_set%100%10;
 262   6              }
 263   5            }
 264   4              if(key3==0)
 265   4             {
 266   5               delay_ms(10);
 267   5               if(key3==0)
 268   5               {
 269   6                 j=0;
 270   6                 while(!key3);
 271   6                 OLED_Clear();
 272   6              OLED_ShowCHinese(0,0,4);
 273   6                      OLED_ShowCHinese(18,0,5);
 274   6                    OLED_ShowCHinese(36,0,6);
 275   6                    OLED_ShowCHinese(54,0,7);
 276   6                      OLED_ShowCHinese(72,0,8);
 277   6                    OLED_ShowChar(90,0,26,16);
 278   6                OLED_ShowCHinese(36,5,21);//设定角度阳码
 279   6                    OLED_ShowCHinese(54,5,22);
 280   6                    OLED_ShowCHinese(72,5,23);
 281   6                    OLED_ShowCHinese(90,5,24);
 282   6                    OLED_ShowChar(108,5,14,16);
 283   6              OLED_ShowCHinese(36,3,9); //观察角度阴码
 284   6                    OLED_ShowCHinese(54,3,10);
 285   6                    OLED_ShowCHinese(72,3,11);
 286   6                    OLED_ShowCHinese(90,3,12);
 287   6                    OLED_ShowChar(108,3,14,16);
 288   6               break; 
 289   6               }
 290   5             }
 291   4      
 292   4           }
 293   3            }
 294   2           }
 295   1      }
 296          
 297          
 298          
 299            


MODULE INFORMATION:   STATIC OVERLAYABLE
C51 COMPILER V9.56.0.0   12AD________                                                      05/09/2017 20:27:38 PAGE 6   

   CODE SIZE        =   2676    ----
   CONSTANT SIZE    =   ----    ----
   XDATA SIZE       =     91    ----
   PDATA SIZE       =   ----    ----
   DATA SIZE        =   ----    ----
   IDATA SIZE       =   ----    ----
   BIT SIZE         =   ----    ----
END OF MODULE INFORMATION.


C51 COMPILATION COMPLETE.  1 WARNING(S),  0 ERROR(S)
