C51 COMPILER V9.56.0.0   AD                                                                05/09/2017 20:27:39 PAGE 1   


C51 COMPILER V9.56.0.0, COMPILATION OF MODULE AD
OBJECT MODULE PLACED IN AD.OBJ
COMPILER INVOKED BY: D:\keil5\C51\BIN\C51.EXE AD.c LARGE OPTIMIZE(8,SPEED) BROWSE DEBUG OBJECTEXTEND TABS(2)

line level    source

   1          #include "AD.h"
   2          /**************************ADC初始化函数********************************/
   3          void InitADC()
   4          {
   5   1           ADC_CONTR=0X88;//每180个时钟周期转换一次，选P1^0口作为AD输入来用
   6   1         P1ASF=0X01;//P1^0口作为模拟ADC功能使用
   7   1      //   EA=1;//打开总中断
   8   1        // IE=0XB2;//打开ADC中断
   9   1         ADC_RES=0;//清除原来的数据
  10   1         ADC_RESL=0;  
  11   1         _nop_;_nop_;_nop_;_nop_;
*** WARNING C275 IN LINE 11 OF AD.c: expression with possibly no effect
*** WARNING C275 IN LINE 11 OF AD.c: expression with possibly no effect
*** WARNING C275 IN LINE 11 OF AD.c: expression with possibly no effect
*** WARNING C275 IN LINE 11 OF AD.c: expression with possibly no effect
  12   1      }
  13          float AD_get()
  14          {
  15   1          static unsigned int i=0;
  16   1        static double k=0;
  17   1          while(!(ADC_CONTR&0x10));       //等待转换完成
  18   1        i=ADC_RES;
  19   1        i=i<<2;
  20   1        i=i|ADC_RESL;
  21   1        //k=i*5.0/1024.0;
  22   1        k=i;
  23   1        ADC_CONTR=0XC8;
  24   1        return k;
  25   1      }
  26               
  27          
  28          
  29          
  30          
  31          
  32          


MODULE INFORMATION:   STATIC OVERLAYABLE
   CODE SIZE        =    101    ----
   CONSTANT SIZE    =   ----    ----
   XDATA SIZE       =      6    ----
   PDATA SIZE       =   ----    ----
   DATA SIZE        =   ----    ----
   IDATA SIZE       =   ----    ----
   BIT SIZE         =   ----    ----
END OF MODULE INFORMATION.


C51 COMPILATION COMPLETE.  4 WARNING(S),  0 ERROR(S)
